0 info it worked if it ends with ok
1 verbose cli [ '/usr/local/bin/node', '/usr/local/bin/npm', 'run', 'build' ]
2 info using npm@3.10.10
3 info using node@v6.11.2
4 verbose run-script [ 'prebuild', 'build', 'postbuild' ]
5 info lifecycle hugo-npm-starter@1.0.0~prebuild: hugo-npm-starter@1.0.0
6 verbose lifecycle hugo-npm-starter@1.0.0~prebuild: unsafe-perm in lifecycle true
7 verbose lifecycle hugo-npm-starter@1.0.0~prebuild: PATH: /usr/local/lib/node_modules/npm/bin/node-gyp-bin:/Users/NickJHS/Documents/Hugo/Sites/hughsambros/themes/osaron/static-src/node_modules/.bin:/usr/local/bin:/usr/bin:/bin:/usr/sbin:/sbin:/usr/local/git/bin
8 verbose lifecycle hugo-npm-starter@1.0.0~prebuild: CWD: /Users/NickJHS/Documents/Hugo/Sites/hughsambros/themes/osaron/static-src
9 silly lifecycle hugo-npm-starter@1.0.0~prebuild: Args: [ '-c', 'npm run cleanpublic' ]
10 silly lifecycle hugo-npm-starter@1.0.0~prebuild: Returned: code: 0  signal: null
11 info lifecycle hugo-npm-starter@1.0.0~build: hugo-npm-starter@1.0.0
12 verbose lifecycle hugo-npm-starter@1.0.0~build: unsafe-perm in lifecycle true
13 verbose lifecycle hugo-npm-starter@1.0.0~build: PATH: /usr/local/lib/node_modules/npm/bin/node-gyp-bin:/Users/NickJHS/Documents/Hugo/Sites/hughsambros/themes/osaron/static-src/node_modules/.bin:/usr/local/bin:/usr/bin:/bin:/usr/sbin:/sbin:/usr/local/git/bin
14 verbose lifecycle hugo-npm-starter@1.0.0~build: CWD: /Users/NickJHS/Documents/Hugo/Sites/hughsambros/themes/osaron/static-src
15 silly lifecycle hugo-npm-starter@1.0.0~build: Args: [ '-c', 'npm run build:img && hugo' ]
16 silly lifecycle hugo-npm-starter@1.0.0~build: Returned: code: 255  signal: null
17 info lifecycle hugo-npm-starter@1.0.0~build: Failed to exec build script
18 verbose stack Error: hugo-npm-starter@1.0.0 build: `npm run build:img && hugo`
18 verbose stack Exit status 255
18 verbose stack     at EventEmitter.<anonymous> (/usr/local/lib/node_modules/npm/lib/utils/lifecycle.js:255:16)
18 verbose stack     at emitTwo (events.js:106:13)
18 verbose stack     at EventEmitter.emit (events.js:191:7)
18 verbose stack     at ChildProcess.<anonymous> (/usr/local/lib/node_modules/npm/lib/utils/spawn.js:40:14)
18 verbose stack     at emitTwo (events.js:106:13)
18 verbose stack     at ChildProcess.emit (events.js:191:7)
18 verbose stack     at maybeClose (internal/child_process.js:891:16)
18 verbose stack     at Process.ChildProcess._handle.onexit (internal/child_process.js:226:5)
19 verbose pkgid hugo-npm-starter@1.0.0
20 verbose cwd /Users/NickJHS/Documents/Hugo/Sites/hughsambros/themes/osaron/static-src
21 error Darwin 17.3.0
22 error argv "/usr/local/bin/node" "/usr/local/bin/npm" "run" "build"
23 error node v6.11.2
24 error npm  v3.10.10
25 error code ELIFECYCLE
26 error hugo-npm-starter@1.0.0 build: `npm run build:img && hugo`
26 error Exit status 255
27 error Failed at the hugo-npm-starter@1.0.0 build script 'npm run build:img && hugo'.
27 error Make sure you have the latest version of node.js and npm installed.
27 error If you do, this is most likely a problem with the hugo-npm-starter package,
27 error not with npm itself.
27 error Tell the author that this fails on your system:
27 error     npm run build:img && hugo
27 error You can get information on how to open an issue for this project with:
27 error     npm bugs hugo-npm-starter
27 error Or if that isn't available, you can get their info via:
27 error     npm owner ls hugo-npm-starter
27 error There is likely additional logging output above.
28 verbose exit [ 1, true ]
